[DEBUG Sun Dec 11 18:17:53 2022] ..\..\..\ScriptsMod.NG\DEBRIEF_Master.lua:107: Start
[DEBUG Sun Dec 11 18:17:53 2022] ..\..\..\ScriptsMod.NG\DEBRIEF_Master.lua:108: NG
[WARN  Sun Dec 11 18:17:53 2022] ..\..\..\ScriptsMod.NG\DEBRIEF_Master.lua:112: activate testing enviroment
[DEBUG Sun Dec 11 18:17:53 2022] ..\..\..\ScriptsMod.NG\DEBRIEF_Master.lua:119: load: Active/oob_ground, Init/db_airbases, Active/oob_air, Active/targetlist, Active/clientstats
[WARN  Sun Dec 11 18:17:53 2022] ..\..\..\ScriptsMod.NG\DEBRIEF_Master.lua:127: activate local debug
[DEBUG Sun Dec 11 18:17:53 2022] ..\..\..\ScriptsMod.NG\DEBRIEF_Master.lua:128: copy before updating (ante) Active/oob_ground, Active/oob_air, Active/targetlist and Active/clientstats in Debug for mission: 5
[DEBUG Sun Dec 11 18:17:53 2022] ..\..\..\ScriptsMod.NG\DEBRIEF_Master.lua:136: run run log evaluation and status updates (loading UTIL_Functions.lua, DEBRIEF_StatsEvaluation.lua, DC_DestroyTarget.lua, DC_UpdateTargetlist.lua)
[DEBUG Sun Dec 11 18:17:57 2022] ..\..\..\ScriptsMod.NG\DEBRIEF_Master.lua:143: run logistic evalutation (load DC_Logistic.lua and execute UpdateOobAir() function)
[DEBUG Sun Dec 11 18:17:57 2022] ..\..\..\ScriptsMod.NG\DEBRIEF_Master.lua:151: update campaign time - elapsed_time: 4608. camp.time: 84154
[DEBUG Sun Dec 11 18:17:57 2022] ..\..\..\ScriptsMod.NG\DEBRIEF_Master.lua:154: run debriefing visualization (load DEBRIEF_Text.lua)
[TRACE Sun Dec 11 18:17:57 2022] ..\..\..\ScriptsMod.NG\DEBRIEF_Master.lua:194: file: ../../../ScriptsMod.NG/UTIL_Version.luaopen. Script Version: NG (20.47.105)
[DEBUG Sun Dec 11 18:17:57 2022] ..\..\..\ScriptsMod.NG\DEBRIEF_Master.lua:208: Ask for input about confirm client results
[DEBUG Sun Dec 11 18:20:10 2022] ..\..\..\ScriptsMod.NG\DEBRIEF_Master.lua:234: Save updated clientstats in Active/clientstats.lua file
[DEBUG Sun Dec 11 18:20:10 2022] ..\..\..\ScriptsMod.NG\DEBRIEF_Master.lua:241: update oob_scen file with new destroyed scenery objects
[DEBUG Sun Dec 11 18:20:10 2022] ..\..\..\ScriptsMod.NG\DEBRIEF_Master.lua:244: copy before updating (ante) Active/oob_scen in Debug for mission: 5
[TRACE Sun Dec 11 18:20:10 2022] ..\..\..\ScriptsMod.NG\DEBRIEF_Master.lua:253: update oob_scen with new destroyed scenery objects id.: 248086983position(x,z): -316709.21984863,891254.15258789
[TRACE Sun Dec 11 18:20:10 2022] ..\..\..\ScriptsMod.NG\DEBRIEF_Master.lua:253: update oob_scen with new destroyed scenery objects id.: 84641568position(x,z): -316795.98486328,891177.41308594
[DEBUG Sun Dec 11 18:20:10 2022] ..\..\..\ScriptsMod.NG\DEBRIEF_Master.lua:256: Save oob_scen.lua file
[DEBUG Sun Dec 11 18:20:10 2022] ..\..\..\ScriptsMod.NG\DEBRIEF_Master.lua:259: Save oob_scen.lua file
[DEBUG Sun Dec 11 18:20:10 2022] ..\..\..\ScriptsMod.NG\DEBRIEF_Master.lua:264: copy after updating (post) Active/oob_scen in Debug for mission: 5
[DEBUG Sun Dec 11 18:20:10 2022] ..\..\..\ScriptsMod.NG\DEBRIEF_Master.lua:268: Ask for input about client's choice
[TRACE Sun Dec 11 18:20:15 2022] ..\..\..\ScriptsMod.NG\DEBRIEF_Master.lua:302: client's choice: d
[DEBUG Sun Dec 11 18:20:15 2022] ..\..\..\ScriptsMod.NG\DEBRIEF_Master.lua:540: SinglePlayer with Dedicated Server choice
[DEBUG Sun Dec 11 18:20:15 2022] ..\..\..\ScriptsMod.NG\DEBRIEF_Master.lua:570: load: MAIN_NextMission.lua
[DEBUG Sun Dec 11 18:20:44 2022] ..\..\..\ScriptsMod.NG\DEBRIEF_Master.lua:570: load: MAIN_NextMission.lua
[DEBUG Sun Dec 11 18:23:23 2022] ..\..\..\ScriptsMod.NG\DEBRIEF_Master.lua:592: SinglePlayer and PlayerFlight is true -> MultiplayerCampaign Next mission generated
[DEBUG Sun Dec 11 18:23:26 2022] ..\..\..\ScriptsMod.NG\DEBRIEF_Master.lua:660: copy MissionEventsLog.lua, scen_destroyed.lua, camp_status.lua in Debug for mission: 6
[DEBUG Sun Dec 11 18:23:26 2022] ..\..\..\ScriptsMod.NG\DEBRIEF_Master.lua:671: End
